<?xml version="1.0" encoding="UTF-8"?>
<!-- Generated by org.testng.reporters.JUnitXMLReporter -->
<testsuite ignored="0" hostname="ATCs-MacBook-Air.local" failures="3" tests="3" name="Google_Pixel_3" time="25.399" errors="0" timestamp="2021-06-16T21:08:57 IST">
  <testcase classname="com.qa.tests.LoginTests" name="invalidPassword" time="0.028">
    <failure type="java.lang.RuntimeException" message="java.lang.NoSuchMethodException: jdk.proxy2.$Proxy7.proxyClassLookup()">
      <![CDATA[java.lang.RuntimeException: java.lang.NoSuchMethodException: jdk.proxy2.$Proxy7.proxyClassLookup()
at io.appium.java_client.pagefactory.bys.builder.AppiumByBuilder.prepareAnnotationMethods(AppiumByBuilder.java:84)
at io.appium.java_client.pagefactory.bys.builder.AppiumByBuilder.getFilledValue(AppiumByBuilder.java:91)
at io.appium.java_client.pagefactory.bys.builder.AppiumByBuilder.createBy(AppiumByBuilder.java:147)
at io.appium.java_client.pagefactory.DefaultElementByBuilder.getBys(DefaultElementByBuilder.java:133)
at io.appium.java_client.pagefactory.DefaultElementByBuilder.buildMobileNativeBy(DefaultElementByBuilder.java:170)
at io.appium.java_client.pagefactory.DefaultElementByBuilder.buildBy(DefaultElementByBuilder.java:204)
at io.appium.java_client.pagefactory.AppiumElementLocatorFactory.createLocator(AppiumElementLocatorFactory.java:66)
at io.appium.java_client.pagefactory.AppiumElementLocatorFactory.createLocator(AppiumElementLocatorFactory.java:53)
at io.appium.java_client.pagefactory.AppiumElementLocatorFactory.createLocator(AppiumElementLocatorFactory.java:1)
at org.openqa.selenium.support.pagefactory.DefaultFieldDecorator.decorate(DefaultFieldDecorator.java:56)
at io.appium.java_client.pagefactory.AppiumFieldDecorator.decorate(AppiumFieldDecorator.java:160)
at org.openqa.selenium.support.PageFactory.proxyFields(PageFactory.java:113)
at org.openqa.selenium.support.PageFactory.initElements(PageFactory.java:105)
at com.qa.base.BasePage.<init>(BasePage.java:11)
at com.qa.pages.LoginPage.<init>(LoginPage.java:10)
at com.qa.tests.LoginTests.invalidPassword(LoginTests.java:23)
at java.base/java.util.ArrayList.forEach(ArrayList.java:1511)
at java.base/java.util.concurrent.FutureTask.run(FutureTask.java:264)
at java.base/java.util.concurrent.ThreadPoolExecutor.runWorker(ThreadPoolExecutor.java:1130)
at java.base/java.util.concurrent.ThreadPoolExecutor$Worker.run(ThreadPoolExecutor.java:630)
at java.base/java.lang.Thread.run(Thread.java:831)
Caused by: java.lang.NoSuchMethodException: jdk.proxy2.$Proxy7.proxyClassLookup()
at java.base/java.lang.Class.getMethod(Class.java:2195)
at io.appium.java_client.pagefactory.bys.builder.AppiumByBuilder.prepareAnnotationMethods(AppiumByBuilder.java:82)
... 38 more
... Removed 18 stack frames]]>
    </failure>
  </testcase> <!-- invalidPassword -->
  <testcase classname="com.qa.tests.LoginTests" name="invalidUserName" time="0.0">
    <failure type="java.lang.RuntimeException" message="java.lang.NoSuchMethodException: jdk.proxy2.$Proxy7.proxyClassLookup()">
      <![CDATA[java.lang.RuntimeException: java.lang.NoSuchMethodException: jdk.proxy2.$Proxy7.proxyClassLookup()
at io.appium.java_client.pagefactory.bys.builder.AppiumByBuilder.prepareAnnotationMethods(AppiumByBuilder.java:84)
at io.appium.java_client.pagefactory.bys.builder.AppiumByBuilder.getFilledValue(AppiumByBuilder.java:91)
at io.appium.java_client.pagefactory.bys.builder.AppiumByBuilder.createBy(AppiumByBuilder.java:147)
at io.appium.java_client.pagefactory.DefaultElementByBuilder.getBys(DefaultElementByBuilder.java:133)
at io.appium.java_client.pagefactory.DefaultElementByBuilder.buildMobileNativeBy(DefaultElementByBuilder.java:170)
at io.appium.java_client.pagefactory.DefaultElementByBuilder.buildBy(DefaultElementByBuilder.java:204)
at io.appium.java_client.pagefactory.AppiumElementLocatorFactory.createLocator(AppiumElementLocatorFactory.java:66)
at io.appium.java_client.pagefactory.AppiumElementLocatorFactory.createLocator(AppiumElementLocatorFactory.java:53)
at io.appium.java_client.pagefactory.AppiumElementLocatorFactory.createLocator(AppiumElementLocatorFactory.java:1)
at org.openqa.selenium.support.pagefactory.DefaultFieldDecorator.decorate(DefaultFieldDecorator.java:56)
at io.appium.java_client.pagefactory.AppiumFieldDecorator.decorate(AppiumFieldDecorator.java:160)
at org.openqa.selenium.support.PageFactory.proxyFields(PageFactory.java:113)
at org.openqa.selenium.support.PageFactory.initElements(PageFactory.java:105)
at com.qa.base.BasePage.<init>(BasePage.java:11)
at com.qa.pages.LoginPage.<init>(LoginPage.java:10)
at com.qa.tests.LoginTests.invalidUserName(LoginTests.java:13)
at java.base/java.util.ArrayList.forEach(ArrayList.java:1511)
at java.base/java.util.concurrent.FutureTask.run(FutureTask.java:264)
at java.base/java.util.concurrent.ThreadPoolExecutor.runWorker(ThreadPoolExecutor.java:1130)
at java.base/java.util.concurrent.ThreadPoolExecutor$Worker.run(ThreadPoolExecutor.java:630)
at java.base/java.lang.Thread.run(Thread.java:831)
Caused by: java.lang.NoSuchMethodException: jdk.proxy2.$Proxy7.proxyClassLookup()
at java.base/java.lang.Class.getMethod(Class.java:2195)
at io.appium.java_client.pagefactory.bys.builder.AppiumByBuilder.prepareAnnotationMethods(AppiumByBuilder.java:82)
... 38 more
... Removed 18 stack frames]]>
    </failure>
  </testcase> <!-- invalidUserName -->
  <testcase classname="com.qa.tests.LoginTests" name="successfulLogin" time="0.001">
    <failure type="java.lang.RuntimeException" message="java.lang.NoSuchMethodException: jdk.proxy2.$Proxy7.proxyClassLookup()">
      <![CDATA[java.lang.RuntimeException: java.lang.NoSuchMethodException: jdk.proxy2.$Proxy7.proxyClassLookup()
at io.appium.java_client.pagefactory.bys.builder.AppiumByBuilder.prepareAnnotationMethods(AppiumByBuilder.java:84)
at io.appium.java_client.pagefactory.bys.builder.AppiumByBuilder.getFilledValue(AppiumByBuilder.java:91)
at io.appium.java_client.pagefactory.bys.builder.AppiumByBuilder.createBy(AppiumByBuilder.java:147)
at io.appium.java_client.pagefactory.DefaultElementByBuilder.getBys(DefaultElementByBuilder.java:133)
at io.appium.java_client.pagefactory.DefaultElementByBuilder.buildMobileNativeBy(DefaultElementByBuilder.java:170)
at io.appium.java_client.pagefactory.DefaultElementByBuilder.buildBy(DefaultElementByBuilder.java:204)
at io.appium.java_client.pagefactory.AppiumElementLocatorFactory.createLocator(AppiumElementLocatorFactory.java:66)
at io.appium.java_client.pagefactory.AppiumElementLocatorFactory.createLocator(AppiumElementLocatorFactory.java:53)
at io.appium.java_client.pagefactory.AppiumElementLocatorFactory.createLocator(AppiumElementLocatorFactory.java:1)
at org.openqa.selenium.support.pagefactory.DefaultFieldDecorator.decorate(DefaultFieldDecorator.java:56)
at io.appium.java_client.pagefactory.AppiumFieldDecorator.decorate(AppiumFieldDecorator.java:160)
at org.openqa.selenium.support.PageFactory.proxyFields(PageFactory.java:113)
at org.openqa.selenium.support.PageFactory.initElements(PageFactory.java:105)
at com.qa.base.BasePage.<init>(BasePage.java:11)
at com.qa.pages.LoginPage.<init>(LoginPage.java:10)
at com.qa.tests.LoginTests.successfulLogin(LoginTests.java:33)
at java.base/java.util.ArrayList.forEach(ArrayList.java:1511)
at java.base/java.util.concurrent.FutureTask.run(FutureTask.java:264)
at java.base/java.util.concurrent.ThreadPoolExecutor.runWorker(ThreadPoolExecutor.java:1130)
at java.base/java.util.concurrent.ThreadPoolExecutor$Worker.run(ThreadPoolExecutor.java:630)
at java.base/java.lang.Thread.run(Thread.java:831)
Caused by: java.lang.NoSuchMethodException: jdk.proxy2.$Proxy7.proxyClassLookup()
at java.base/java.lang.Class.getMethod(Class.java:2195)
at io.appium.java_client.pagefactory.bys.builder.AppiumByBuilder.prepareAnnotationMethods(AppiumByBuilder.java:82)
... 38 more
... Removed 18 stack frames]]>
    </failure>
  </testcase> <!-- successfulLogin -->
</testsuite> <!-- Google_Pixel_3 -->
