<?xml version="1.0" encoding="UTF-8"?>
<testsuite xmlns:xsi="http://www.w3.org/2001/XMLSchema-instance" xsi:noNamespaceSchemaLocation="https://maven.apache.org/surefire/maven-surefire-plugin/xsd/surefire-test-report-3.0.xsd" version="3.0" name="TestSuite" time="26.135" tests="3" errors="0" skipped="0" failures="3">
  <properties>
[...]
</properties>
  <testcase name="invalidPassword" classname="com.qa.tests.LoginTests" time="0.037">
    <failure message="java.lang.NoSuchMethodException: jdk.proxy2.$Proxy7.proxyClassLookup()" type="java.lang.RuntimeException"><![CDATA[java.lang.RuntimeException: java.lang.NoSuchMethodException: jdk.proxy2.$Proxy7.proxyClassLookup()
	at com.qa.tests.LoginTests.invalidPassword(LoginTests.java:23)
Caused by: java.lang.NoSuchMethodException: jdk.proxy2.$Proxy7.proxyClassLookup()
	at com.qa.tests.LoginTests.invalidPassword(LoginTests.java:23)
]]></failure>
    <system-out><![CDATA[[TestNGContentHandler] [WARN] It is strongly recommended to add "<!DOCTYPE suite SYSTEM "https://testng.org/testng-1.0.dtd" >" at the top of your file, otherwise TestNG may fail or not work as expected.
]]></system-out>
    <system-err><![CDATA[Jun 16, 2021 9:08:55 PM io.appium.java_client.remote.AppiumCommandExecutor$1 lambda$0
INFO: Detected dialect: OSS
]]></system-err>
  </testcase>
  <testcase name="invalidUserName" classname="com.qa.tests.LoginTests" time="0">
    <failure message="java.lang.NoSuchMethodException: jdk.proxy2.$Proxy7.proxyClassLookup()" type="java.lang.RuntimeException"><![CDATA[java.lang.RuntimeException: java.lang.NoSuchMethodException: jdk.proxy2.$Proxy7.proxyClassLookup()
	at com.qa.tests.LoginTests.invalidUserName(LoginTests.java:13)
Caused by: java.lang.NoSuchMethodException: jdk.proxy2.$Proxy7.proxyClassLookup()
	at com.qa.tests.LoginTests.invalidUserName(LoginTests.java:13)
]]></failure>
  </testcase>
  <testcase name="successfulLogin" classname="com.qa.tests.LoginTests" time="0">
    <failure message="java.lang.NoSuchMethodException: jdk.proxy2.$Proxy7.proxyClassLookup()" type="java.lang.RuntimeException"><![CDATA[java.lang.RuntimeException: java.lang.NoSuchMethodException: jdk.proxy2.$Proxy7.proxyClassLookup()
	at com.qa.tests.LoginTests.successfulLogin(LoginTests.java:33)
Caused by: java.lang.NoSuchMethodException: jdk.proxy2.$Proxy7.proxyClassLookup()
	at com.qa.tests.LoginTests.successfulLogin(LoginTests.java:33)
]]></failure>
  </testcase>
</testsuite>